<?xml version="1.0" encoding="UTF-8" ?>
<testsuite errors="4" failures="0" hostname="CS" name="ca.sheridancollege.project.CardTest" skipped="0" tests="4" time="0.477" timestamp="2019-04-18T23:44:36">
  <properties>
[...]
</properties>
  <testcase classname="ca.sheridancollege.project.CardTest" name="testToString" time="0.03">
    <error type="java.lang.NullPointerException">java.lang.NullPointerException
	at ca.sheridancollege.project.CardTest.testToString(CardTest.java:75)
	at java.base/jdk.internal.reflect.NativeMethodAccessorImpl.invoke0(Native Method)
	at java.base/jdk.internal.reflect.NativeMethodAccessorImpl.invoke(NativeMethodAccessorImpl.java:62)
	at java.base/jdk.internal.reflect.DelegatingMethodAccessorImpl.invoke(DelegatingMethodAccessorImpl.java:43)
</error>
  </testcase>
  <testcase classname="ca.sheridancollege.project.CardTest" name="testBoundaryGetCard" time="0.004">
    <error type="java.lang.NullPointerException">java.lang.NullPointerException
	at ca.sheridancollege.project.CardTest.testBoundaryGetCard(CardTest.java:65)
	at java.base/jdk.internal.reflect.NativeMethodAccessorImpl.invoke0(Native Method)
	at java.base/jdk.internal.reflect.NativeMethodAccessorImpl.invoke(NativeMethodAccessorImpl.java:62)
	at java.base/jdk.internal.reflect.DelegatingMethodAccessorImpl.invoke(DelegatingMethodAccessorImpl.java:43)
</error>
  </testcase>
  <testcase classname="ca.sheridancollege.project.CardTest" name="testGoodGetCard" time="0.005">
    <error type="java.lang.NullPointerException">java.lang.NullPointerException
	at ca.sheridancollege.project.CardTest.testGoodGetCard(CardTest.java:45)
	at java.base/jdk.internal.reflect.NativeMethodAccessorImpl.invoke0(Native Method)
	at java.base/jdk.internal.reflect.NativeMethodAccessorImpl.invoke(NativeMethodAccessorImpl.java:62)
	at java.base/jdk.internal.reflect.DelegatingMethodAccessorImpl.invoke(DelegatingMethodAccessorImpl.java:43)
</error>
  </testcase>
  <testcase classname="ca.sheridancollege.project.CardTest" name="testBadGetCard" time="0.003">
    <error type="java.lang.NullPointerException">java.lang.NullPointerException
	at ca.sheridancollege.project.CardTest.testBadGetCard(CardTest.java:55)
	at java.base/jdk.internal.reflect.NativeMethodAccessorImpl.invoke0(Native Method)
	at java.base/jdk.internal.reflect.NativeMethodAccessorImpl.invoke(NativeMethodAccessorImpl.java:62)
	at java.base/jdk.internal.reflect.DelegatingMethodAccessorImpl.invoke(DelegatingMethodAccessorImpl.java:43)
</error>
  </testcase>
  <system-out><![CDATA[toString
getCard
getCard
getCard
]]></system-out>
  <system-err><![CDATA[]]></system-err>
</testsuite>
